# JRE version: OpenJDK Runtime Environment (8.0_242-b01) (build 1.8.0_242-release-1644-b01)
# Java VM: OpenJDK 64-Bit Server VM (25.242-b01 mixed mode windows-amd64 compressed oops)
Heap:
 PSYoungGen      total 287744K, used 136176K [0x00000000e0000000, 0x00000000ff300000, 0x0000000100000000)
  eden space 268288K, 43% used [0x00000000e0000000,0x00000000e7277760,0x00000000f0600000)
  from space 19456K, 97% used [0x00000000f0600000,0x00000000f1884c10,0x00000000f1900000)
  to   space 121344K, 0% used [0x00000000f7c80000,0x00000000f7c80000,0x00000000ff300000)
 ParOldGen       total 542720K, used 243150K [0x00000000a0000000, 0x00000000c1200000, 0x00000000e0000000)
  object space 542720K, 44% used [0x00000000a0000000,0x00000000aed73a08,0x00000000c1200000)
 Metaspace       used 455270K, capacity 481670K, committed 482008K, reserved 1468416K
  class space    used 59178K, capacity 63902K, committed 64000K, reserved 1048576K
GC Heap History (10 events):
Event: 17072.919 GC heap before
{Heap before GC invocations=151 (full 19):
 PSYoungGen      total 396800K, used 273152K [0x00000000e0000000, 0x0000000100000000, 0x0000000100000000)
  eden space 272384K, 100% used [0x00000000e0000000,0x00000000f0a00000,0x00000000f0a00000)
  from space 124416K, 0% used [0x00000000f0a00000,0x00000000f0ac0020,0x00000000f8380000)
  to   space 125440K, 0% used [0x00000000f8580000,0x00000000f8580000,0x0000000100000000)
 ParOldGen       total 468992K, used 408097K [0x00000000a0000000, 0x00000000bca00000, 0x00000000e0000000)
  object space 468992K, 87% used [0x00000000a0000000,0x00000000b8e887b8,0x00000000bca00000)
 Metaspace       used 455074K, capacity 481368K, committed 481752K, reserved 1466368K
  class space    used 59153K, capacity 63853K, committed 64000K, reserved 1048576K
Event: 17072.938 GC heap after
Heap after GC invocations=151 (full 19):
 PSYoungGen      total 394752K, used 15633K [0x00000000e0000000, 0x00000000ffb00000, 0x0000000100000000)
  eden space 274432K, 0% used [0x00000000e0000000,0x00000000e0000000,0x00000000f0c00000)
  from space 120320K, 12% used [0x00000000f8580000,0x00000000f94c4468,0x00000000ffb00000)
  to   space 122368K, 0% used [0x00000000f0c00000,0x00000000f0c00000,0x00000000f8380000)
 ParOldGen       total 468992K, used 408161K [0x00000000a0000000, 0x00000000bca00000, 0x00000000e0000000)
  object space 468992K, 87% used [0x00000000a0000000,0x00000000b8e987b8,0x00000000bca00000)
 Metaspace       used 455074K, capacity 481368K, committed 481752K, reserved 1466368K
  class space    used 59153K, capacity 63853K, committed 64000K, reserved 1048576K
}
Event: 17073.847 GC heap before
{Heap before GC invocations=152 (full 19):
 PSYoungGen      total 394752K, used 290065K [0x00000000e0000000, 0x00000000ffb00000, 0x0000000100000000)
  eden space 274432K, 100% used [0x00000000e0000000,0x00000000f0c00000,0x00000000f0c00000)
  from space 120320K, 12% used [0x00000000f8580000,0x00000000f94c4468,0x00000000ffb00000)
  to   space 122368K, 0% used [0x00000000f0c00000,0x00000000f0c00000,0x00000000f8380000)
 ParOldGen       total 468992K, used 408161K [0x00000000a0000000, 0x00000000bca00000, 0x00000000e0000000)
  object space 468992K, 87% used [0x00000000a0000000,0x00000000b8e987b8,0x00000000bca00000)
 Metaspace       used 455074K, capacity 481368K, committed 481752K, reserved 1466368K
  class space    used 59153K, capacity 63853K, committed 64000K, reserved 1048576K
Event: 17074.104 GC heap after
Heap after GC invocations=152 (full 19):
 PSYoungGen      total 361984K, used 87519K [0x00000000e0000000, 0x0000000100000000, 0x0000000100000000)
  eden space 274432K, 0% used [0x00000000e0000000,0x00000000e0000000,0x00000000f0c00000)
  from space 87552K, 99% used [0x00000000f0c00000,0x00000000f6177dd8,0x00000000f6180000)
  to   space 131072K, 0% used [0x00000000f8000000,0x00000000f8000000,0x0000000100000000)
 ParOldGen       total 468992K, used 422648K [0x00000000a0000000, 0x00000000bca00000, 0x00000000e0000000)
  object space 468992K, 90% used [0x00000000a0000000,0x00000000b9cbe398,0x00000000bca00000)
 Metaspace       used 455074K, capacity 481368K, committed 481752K, reserved 1466368K
  class space    used 59153K, capacity 63853K, committed 64000K, reserved 1048576K
}
Event: 17074.105 GC heap before
{Heap before GC invocations=153 (full 20):
 PSYoungGen      total 361984K, used 87519K [0x00000000e0000000, 0x0000000100000000, 0x0000000100000000)
  eden space 274432K, 0% used [0x00000000e0000000,0x00000000e0000000,0x00000000f0c00000)
  from space 87552K, 99% used [0x00000000f0c00000,0x00000000f6177dd8,0x00000000f6180000)
  to   space 131072K, 0% used [0x00000000f8000000,0x00000000f8000000,0x0000000100000000)
 ParOldGen       total 468992K, used 422648K [0x00000000a0000000, 0x00000000bca00000, 0x00000000e0000000)
  object space 468992K, 90% used [0x00000000a0000000,0x00000000b9cbe398,0x00000000bca00000)
 Metaspace       used 455074K, capacity 481368K, committed 481752K, reserved 1466368K
  class space    used 59153K, capacity 63853K, committed 64000K, reserved 1048576K
Event: 17090.019 GC heap after
Heap after GC invocations=153 (full 20):
 PSYoungGen      total 361984K, used 0K [0x00000000e0000000, 0x0000000100000000, 0x0000000100000000)
  eden space 274432K, 0% used [0x00000000e0000000,0x00000000e0000000,0x00000000f0c00000)
  from space 87552K, 0% used [0x00000000f0c00000,0x00000000f0c00000,0x00000000f6180000)
  to   space 131072K, 0% used [0x00000000f8000000,0x00000000f8000000,0x0000000100000000)
 ParOldGen       total 542720K, used 243129K [0x00000000a0000000, 0x00000000c1200000, 0x00000000e0000000)
  object space 542720K, 44% used [0x00000000a0000000,0x00000000aed6e620,0x00000000c1200000)
 Metaspace       used 455040K, capacity 481314K, committed 481752K, reserved 1466368K
  class space    used 59148K, capacity 63844K, committed 64000K, reserved 1048576K
}
Event: 17095.246 GC heap before
{Heap before GC invocations=154 (full 20):
 PSYoungGen      total 361984K, used 274432K [0x00000000e0000000, 0x0000000100000000, 0x0000000100000000)
  eden space 274432K, 100% used [0x00000000e0000000,0x00000000f0c00000,0x00000000f0c00000)
  from space 87552K, 0% used [0x00000000f0c00000,0x00000000f0c00000,0x00000000f6180000)
  to   space 131072K, 0% used [0x00000000f8000000,0x00000000f8000000,0x0000000100000000)
 ParOldGen       total 542720K, used 243129K [0x00000000a0000000, 0x00000000c1200000, 0x00000000e0000000)
  object space 542720K, 44% used [0x00000000a0000000,0x00000000aed6e6b0,0x00000000c1200000)
 Metaspace       used 455051K, capacity 481332K, committed 481752K, reserved 1466368K
  class space    used 59150K, capacity 63847K, committed 64000K, reserved 1048576K
Event: 17095.348 GC heap after
Heap after GC invocations=154 (full 20):
 PSYoungGen      total 399360K, used 34706K [0x00000000e0000000, 0x0000000100000000, 0x0000000100000000)
  eden space 268288K, 0% used [0x00000000e0000000,0x00000000e0000000,0x00000000f0600000)
  from space 131072K, 26% used [0x00000000f8000000,0x00000000fa1e49e0,0x0000000100000000)
  to   space 124928K, 0% used [0x00000000f0600000,0x00000000f0600000,0x00000000f8000000)
 ParOldGen       total 542720K, used 243129K [0x00000000a0000000, 0x00000000c1200000, 0x00000000e0000000)
  object space 542720K, 44% used [0x00000000a0000000,0x00000000aed6e6b0,0x00000000c1200000)
 Metaspace       used 455051K, capacity 481332K, committed 481752K, reserved 1466368K
  class space    used 59150K, capacity 63847K, committed 64000K, reserved 1048576K
}
Event: 17205.961 GC heap before
{Heap before GC invocations=155 (full 20):
 PSYoungGen      total 399360K, used 302994K [0x00000000e0000000, 0x0000000100000000, 0x0000000100000000)
  eden space 268288K, 100% used [0x00000000e0000000,0x00000000f0600000,0x00000000f0600000)
  from space 131072K, 26% used [0x00000000f8000000,0x00000000fa1e49e0,0x0000000100000000)
  to   space 124928K, 0% used [0x00000000f0600000,0x00000000f0600000,0x00000000f8000000)
 ParOldGen       total 542720K, used 243142K [0x00000000a0000000, 0x00000000c1200000, 0x00000000e0000000)
  object space 542720K, 44% used [0x00000000a0000000,0x00000000aed71a08,0x00000000c1200000)
 Metaspace       used 455259K, capacity 481670K, committed 482008K, reserved 1468416K
  class space    used 59178K, capacity 63902K, committed 64000K, reserved 1048576K
Event: 17207.604 GC heap after
Heap after GC invocations=155 (full 20):
 PSYoungGen      total 287744K, used 18963K [0x00000000e0000000, 0x00000000ff300000, 0x0000000100000000)
  eden space 268288K, 0% used [0x00000000e0000000,0x00000000e0000000,0x00000000f0600000)
  from space 19456K, 97% used [0x00000000f0600000,0x00000000f1884c10,0x00000000f1900000)
  to   space 121344K, 0% used [0x00000000f7c80000,0x00000000f7c80000,0x00000000ff300000)
 ParOldGen       total 542720K, used 243150K [0x00000000a0000000, 0x00000000c1200000, 0x00000000e0000000)
  object space 542720K, 44% used [0x00000000a0000000,0x00000000aed73a08,0x00000000c1200000)
 Metaspace       used 455259K, capacity 481670K, committed 482008K, reserved 1468416K
  class space    used 59178K, capacity 63902K, committed 64000K, reserved 1048576K
}

